<?xml version="1.0" encoding="UTF-8"?>
<!-- Generated by org.testng.reporters.JUnitReportReporter -->
<testsuite hostname="DESKTOP-418OBAA" failures="0" tests="1" name="com.rest.test.GetCallBDD" time="2.769" errors="0" timestamp="2024-08-22T23:57:50 IST" skipped="0">
  <testcase classname="com.rest.test.GetCallBDD" name="testCircuits" time="2.769"/>
  <system-out/>
</testsuite> <!-- com.rest.test.GetCallBDD -->
